<?xml version="1.0" encoding="UTF-8"?>
<!-- Generated by org.testng.reporters.JUnitXMLReporter -->
<testsuite hostname="Anusha" ignored="0" name="Default test" tests="8" failures="0" timestamp="17 Sep 2017 19:00:50 GMT" time="106.781" errors="0">
  <testcase name="logInWithValid" time="11.715" classname="com.mmp.admin_login.LoginTest"/>
  <testcase name="logInWithInvalid" time="1.369" classname="com.mmp.admin_login.LoginTest"/>
  <testcase name="logInWithInvalid" time="1.218" classname="com.mmp.admin_login.LoginTest"/>
  <testcase name="logInWithInvalid" time="1.286" classname="com.mmp.admin_login.LoginTest"/>
  <testcase name="logInWithBlank" time="0.658" classname="com.mmp.admin_login.LoginTest"/>
  <testcase name="forgotPwordLink" time="1.563" classname="com.mmp.admin_login.LoginTest"/>
  <testcase name="forgotPwordValid" time="1.297" classname="com.mmp.admin_login.LoginTest"/>
  <testcase name="forgotPwordInvalid" time="1.001" classname="com.mmp.admin_login.LoginTest"/>
</testsuite> <!-- Default test -->
